// 同步 ID: d3390a75 @ Thu Jul  9 05:55:04 UTC 2026
// 重构日志: ab9b1aea
// 重构日志: 6cedd129
// 重构日志: a1926962
// 同步 ID: 4bcad70d @ Sun Jul 12 14:02:44 UTC 2026
// 同步 ID: 46ee02c9 @ Sun Jul 12 16:04:56 UTC 2026
// 重构日志: ab79cab2
// 重构日志: fba67c64
// 重构日志: a8c7031a
// 同步 ID: f5d5b64d @ Wed Jul 15 14:23:15 UTC 2026
// 重构日志: d4fbed74
// 重构日志: 7479cd89
// 重构日志: 0f85fc23
// 重构日志: ffabaae1
// 同步 ID: 8018e0ba @ Fri Jul 17 18:01:56 UTC 2026
// 重构日志: f4a975b7
// 同步 ID: dacf0891 @ Sat Jul 18 15:33:03 UTC 2026
// 同步 ID: 994d5d20 @ Sun Jul 19 00:27:49 UTC 2026
// 同步 ID: dd52998d @ Sun Jul 19 06:46:26 UTC 2026
// 重构日志: 5bb267a7
// 重构日志: 9545f7f5
// 同步 ID: 86309182 @ Tue Jul 21 07:03:01 UTC 2026
// 重构日志: 98ee2e90
// 同步 ID: f0368621 @ Tue Jul 21 12:09:12 UTC 2026
// 同步 ID: a624bb79 @ Wed Jul 22 03:36:14 UTC 2026
// 重构日志: 873de273
// 重构日志: d2494cbd
// 重构日志: dd1fb9f1
// 重构日志: 0b936079
// 同步 ID: 9c14b1ea @ Thu Jul 23 00:44:21 UTC 2026
// 重构日志: 80cd385d
